7/29/2018 8:07:14 PM	This log contains information about the import schema operation into project 'dip.Db' on computer 'WINDEV1612SYS' by user 'smetaninatv'.
7/29/2018 8:07:14 PM	Import of database schema has started.
7/29/2018 8:07:26 PM	Gathering logins
7/29/2018 8:10:48 PM	Gathering database credentials
7/29/2018 8:10:48 PM	Gathering database options
7/29/2018 8:10:49 PM	Gathering generic database scoped configuration option
7/29/2018 8:10:49 PM	Gathering users
7/29/2018 8:10:49 PM	Gathering roles
7/29/2018 8:10:49 PM	Gathering application roles
7/29/2018 8:10:49 PM	Gathering role memberships
7/29/2018 8:10:49 PM	Gathering filegroups
7/29/2018 8:10:49 PM	Gathering full-text catalogs
7/29/2018 8:10:49 PM	Gathering assemblies
7/29/2018 8:10:49 PM	Gathering certificates
7/29/2018 8:10:49 PM	Gathering symmetric keys
7/29/2018 8:10:49 PM	Gathering encrypted symmetric keys
7/29/2018 8:10:49 PM	Gathering schemas
7/29/2018 8:10:49 PM	Gathering XML schema collections
7/29/2018 8:10:49 PM	Gathering user-defined data types
7/29/2018 8:10:49 PM	Gathering user-defined types
7/29/2018 8:10:49 PM	Gathering table types
7/29/2018 8:10:49 PM	Gathering unique keys for table types
7/29/2018 8:10:49 PM	Gathering primary keys for table types
7/29/2018 8:10:49 PM	Gathering indexes for table types
7/29/2018 8:10:49 PM	Gathering check constraints for table types
7/29/2018 8:10:49 PM	Gathering default constraints for table types
7/29/2018 8:10:49 PM	Gathering partition functions
7/29/2018 8:10:49 PM	Gathering partition schemes
7/29/2018 8:10:49 PM	Gathering functions
7/29/2018 8:10:49 PM	Gathering encrypted functions
7/29/2018 8:10:49 PM	Gathering aggregates
7/29/2018 8:10:49 PM	Gathering procedures
7/29/2018 8:10:49 PM	Gathering encrypted procedures
7/29/2018 8:10:50 PM	Gathering tables
7/29/2018 8:10:50 PM	Gathering primary keys
7/29/2018 8:10:51 PM	Gathering unique constraints
7/29/2018 8:10:51 PM	Gathering foreign keys
7/29/2018 8:10:51 PM	Gathering default constraints
7/29/2018 8:10:51 PM	Gathering check constraints
7/29/2018 8:10:51 PM	Gathering views
7/29/2018 8:10:51 PM	Gathering encrypted views
7/29/2018 8:10:51 PM	Gathering indexes
7/29/2018 8:10:51 PM	Gathering statistics
7/29/2018 8:10:51 PM	Gathering full-text index stoplists
7/29/2018 8:10:51 PM	Gathering search property lists
7/29/2018 8:10:51 PM	Gathering search properties
7/29/2018 8:10:51 PM	Gathering full-text indexes
7/29/2018 8:10:51 PM	Gathering column store indexes
7/29/2018 8:10:51 PM	Gathering spatial indexes
7/29/2018 8:10:51 PM	Gathering XML indexes
7/29/2018 8:10:51 PM	Gathering Selective XML indexes
7/29/2018 8:10:51 PM	Gathering encrypted triggers
7/29/2018 8:10:57 PM	Gathering triggers
7/29/2018 8:10:57 PM	Gathering encrypted and clr ddl triggers
7/29/2018 8:10:57 PM	Gathering ddl triggers
7/29/2018 8:10:57 PM	Gathering synonyms
7/29/2018 8:10:57 PM	Gathering defaults
7/29/2018 8:10:57 PM	Gathering data constraint uddt bindings
7/29/2018 8:10:57 PM	Gathering rules
7/29/2018 8:10:57 PM	Gathering data constraint uddt bindings
7/29/2018 8:10:57 PM	Gathering message types
7/29/2018 8:10:57 PM	Gathering queues
7/29/2018 8:10:57 PM	Gathering contracts
7/29/2018 8:10:57 PM	Gathering services
7/29/2018 8:10:57 PM	Gathering event notifications
7/29/2018 8:10:57 PM	Gathering remote service bindings
7/29/2018 8:10:57 PM	Gathering broker priorities
7/29/2018 8:10:57 PM	Gathering signatures
7/29/2018 8:10:57 PM	Gathering data compression options
7/29/2018 8:10:57 PM	Gathering sequence types
7/29/2018 8:10:57 PM	Gathering security policies
7/29/2018 8:10:58 PM	Gather column encryption keys
7/29/2018 8:10:58 PM	Gathering column master keys
7/29/2018 8:10:58 PM	Gathering external data sources
7/29/2018 8:10:58 PM	Gathering external tables
7/29/2018 8:10:58 PM	Gathering extended properties
7/29/2018 8:11:03 PM	Gathering logins
7/29/2018 8:11:05 PM	Scanning project for duplicate elements
7/29/2018 8:11:06 PM	Finished duplicate element processing
7/29/2018 8:11:06 PM	Finished importing database.
7/29/2018 8:11:06 PM	A summary of the import was saved to the following location: C:\Work\dip-mobile\dev\dip\dip.Db\Import Schema Logs\dip.Db_20180729050714.log
7/29/2018 8:11:06 PM	Click Finish to continue...
